<?xml version="1.0" encoding="UTF-8"?>
<!-- Generated by org.testng.reporters.JUnitReportReporter -->
<testsuite hostname="DESKTOP-FVSLPKP" failures="0" tests="6" name="com.test.NewTest" time="4.137" errors="0" timestamp="2022-10-18T23:20:52 IST" skipped="0">
  <testcase classname="com.test.NewTest" name="login_Pass" time="0.754"/>
  <system-out/>
  <testcase classname="com.test.NewTest" name="checkbookRequests" time="0.526"/>
  <system-out/>
  <testcase classname="com.test.NewTest" name="transactionHistory" time="0.585"/>
  <system-out/>
  <testcase classname="com.test.NewTest" name="transferHistory" time="0.592"/>
  <system-out/>
  <testcase classname="com.test.NewTest" name="authorization" time="0.513"/>
  <system-out/>
  <testcase classname="com.test.NewTest" name="loanRequests" time="1.167"/>
  <system-out/>
</testsuite> <!-- com.test.NewTest -->
