<?xml version="1.0" encoding="UTF-8"?>
<!-- Generated by org.testng.reporters.JUnitReportReporter -->
<testsuite hostname="DESKTOP-FVSLPKP" failures="0" tests="8" name="com.test.NewTest" time="15.163" errors="0" timestamp="2022-10-20T14:06:47 IST" skipped="0">
  <testcase classname="com.test.NewTest" name="login_Pass" time="9.812"/>
  <system-out/>
  <testcase classname="com.test.NewTest" name="userAccountInfo" time="0.881"/>
  <system-out/>
  <testcase classname="com.test.NewTest" name="checkbookRequests" time="1.038"/>
  <system-out/>
  <testcase classname="com.test.NewTest" name="transactionHistory" time="0.789"/>
  <system-out/>
  <testcase classname="com.test.NewTest" name="transferHistory" time="0.836"/>
  <system-out/>
  <testcase classname="com.test.NewTest" name="authorization" time="0.730"/>
  <system-out/>
  <testcase classname="com.test.NewTest" name="loanRequests" time="0.836"/>
  <system-out/>
  <testcase classname="com.test.NewTest" name="logout" time="0.241"/>
  <system-out/>
</testsuite> <!-- com.test.NewTest -->
