<?xml version="1.0" encoding="UTF-8"?>
<!-- Generated by org.testng.reporters.JUnitReportReporter -->
<testsuite hostname="DESKTOP-FVSLPKP" failures="0" tests="8" name="com.test.NewTest" time="7.477" errors="0" timestamp="2022-10-20T23:30:30 IST" skipped="0">
  <testcase classname="com.test.NewTest" name="login_Pass" time="1.594"/>
  <system-out/>
  <testcase classname="com.test.NewTest" name="userAccountInfo" time="1.022"/>
  <system-out/>
  <testcase classname="com.test.NewTest" name="checkbookRequests" time="1.002"/>
  <system-out/>
  <testcase classname="com.test.NewTest" name="transactionHistory" time="0.919"/>
  <system-out/>
  <testcase classname="com.test.NewTest" name="authorization" time="0.652"/>
  <system-out/>
  <testcase classname="com.test.NewTest" name="transferHistory" time="0.888"/>
  <system-out/>
  <testcase classname="com.test.NewTest" name="loanRequests" time="1.050"/>
  <system-out/>
  <testcase classname="com.test.NewTest" name="logout" time="0.350"/>
  <system-out/>
</testsuite> <!-- com.test.NewTest -->
