<?xml version="1.0" encoding="UTF-8"?>
<!-- Generated by org.testng.reporters.JUnitReportReporter -->
<testsuite hostname="DESKTOP-FVSLPKP" failures="0" tests="1" name="com.test.UserRegisterTest" time="7.864" errors="0" timestamp="2022-10-19T11:12:18 IST" skipped="0">
  <testcase classname="com.test.UserRegisterTest" name="userRegister" time="7.864"/>
  <system-out/>
</testsuite> <!-- com.test.UserRegisterTest -->
