<?xml version="1.0" encoding="UTF-8"?>
<!-- Generated by org.testng.reporters.JUnitReportReporter -->
<testsuite hostname="DESKTOP-FVSLPKP" failures="0" tests="9" name="com.test.UserLoginTest" time="30.266" errors="0" timestamp="2022-10-19T10:57:38 IST" skipped="0">
  <testcase classname="com.test.UserLoginTest" name="login_Pass" time="0.800"/>
  <system-out/>
  <testcase classname="com.test.UserLoginTest" name="transactionHistory" time="8.177"/>
  <system-out/>
  <testcase classname="com.test.UserLoginTest" name="transferHistory" time="5.300"/>
  <system-out/>
  <testcase classname="com.test.UserLoginTest" name="transferMoney" time="5.890"/>
  <system-out/>
  <testcase classname="com.test.UserLoginTest" name="requestChequebook" time="6.246"/>
  <system-out/>
  <testcase classname="com.test.UserLoginTest" name="deposit" time="1.050"/>
  <system-out/>
  <testcase classname="com.test.UserLoginTest" name="WithDraw" time="1.065"/>
  <system-out/>
  <testcase classname="com.test.UserLoginTest" name="logOut" time="1.081"/>
  <system-out/>
  <testcase classname="com.test.UserLoginTest" name="loanApply" time="0.657"/>
  <system-out/>
</testsuite> <!-- com.test.UserLoginTest -->
