<?xml version="1.0" encoding="UTF-8"?>
<!-- Generated by org.testng.reporters.JUnitReportReporter -->
<testsuite hostname="DESKTOP-FVSLPKP" failures="0" tests="1" name="com.test.NewTest" time="6.726" errors="0" timestamp="2022-10-19T00:35:47 IST" skipped="0">
  <testcase classname="com.test.NewTest" name="userRegister" time="6.726"/>
  <system-out/>
</testsuite> <!-- com.test.NewTest -->
